### Custom WaveView ADV log file, revision L-2016.06-SP1 (build Aug 22, ) ###
### created at 04:20:56 on Thu Dec  6 2018 (Linux AMD64) ###
### Host Name: osl22.njit.edu   User ID: jpw33   PID: 13904   ###
wv_start_log
# (0) running in waveview only mode
# (0) SW_SX_PERL_LIB defined
# (0) SW_SX_TCL_LIB defined
# (0) HOME defined
wv_move_window CustomWaveView 0 0
wv_resize_window CustomWaveView 800 400
wv_move_window CustomWaveView 20 20
wv_move_window CustomWaveView 0 8
wv_resize_window CustomWaveView 1680 1006
wv_select_toolbar_item {Import Waveform File}
wv_move_dialog FileDialog 634 223
wv_select_dialog FileDialog
wv_set_text FileDialog.FileName {}
wv_select_list_item FileDialog.FileList inverter_opt.sw0
wv_dclick_list_item FileDialog.FileList inverter_opt.sw0
wv_expand_tree_item MainWindow.hierview {D0:inverter_opt.sw0}
wv_select_tree_item MainWindow.hierview {D0:inverter_opt.sw0}
wv_select_tree_item MainWindow.hierview {D0:inverter_opt.sw0/toplevel}
wv_select_list_item MainWindow.sigview v(in)
wv_drag_list_item MainWindow.sigview v(in)
wv_drag_enter WV1
wv_drop_on WV1
wv_select_list_item MainWindow.sigview v(out)
wv_drag_list_item MainWindow.sigview v(out)
wv_drag_enter WV1
wv_drag_to WV1 252 627
wv_drop_on WV1
wv_waveview_context_menu WV1.PANEL1:1.LINE1
wv_select_context_menu_item {Signal  'v(in)'} {Delete}
wv_select_toolbar_item {Measurement Tool}
wv_expand_tree_item MeasurementTool.TypeList {General}
wv_expand_tree_item MeasurementTool.TypeList {Time Domain}
wv_expand_tree_item MeasurementTool.TypeList {Frequency Domain}
wv_expand_tree_item MeasurementTool.TypeList {Statistics}
wv_expand_tree_item MeasurementTool.TypeList {Level}
wv_expand_tree_item MeasurementTool.TypeList {S Domain}
wv_expand_tree_item MeasurementTool.TypeList {RF}
wv_expand_tree_item MeasurementTool.TypeList {Favorites}
wv_select_tree_item MeasurementTool.TypeList {Time Domain/Delay}
wv_select_tree_item MeasurementTool.TypeList {General/Width}
wv_select_tree_item MeasurementTool.TypeList {Time Domain/Delay}
wv_move_dialog MeasurementTool 506 289
wv_select_dialog MeasurementTool
wv_select_tree_item MeasurementTool.TypeList {General/Data(X,Y)}
wv_vert_scroll MeasurementTool.TypeList 31
wv_vert_scroll MeasurementTool.TypeList 34
wv_vert_scroll MeasurementTool.TypeList 34
wv_vert_scroll MeasurementTool.TypeList 34
wv_vert_scroll MeasurementTool.TypeList 3
wv_vert_scroll MeasurementTool.TypeList 0
wv_vert_scroll MeasurementTool.TypeList 0
wv_set_text MeasurementTool.XAtValue {0}
wv_set_check MeasurementTool.LockedLevel 1
wv_set_text MeasurementTool.AtValue {0.65}
wv_set_check MeasurementTool.LockPPercentage 0
wv_press_button MeasurementTool.Ok
wv_select_wv_item WV1.MEAS1
wv_drag_item_to WV1 592 301
wv_move_wv_item WV1.MEAS1 831 423
wv_select_list_item MainWindow.sigview i(v1)
wv_drag_list_item MainWindow.sigview i(v1)
wv_drag_enter WV1
wv_drag_to WV1 261 459
wv_drop_on WV1
wv_select_list_item MainWindow.sigview i(v2)
wv_drag_list_item MainWindow.sigview i(v2)
wv_drag_enter WV1
wv_drag_to WV1 332 513
wv_drop_on WV1
wv_waveview_context_menu WV1.PANEL1:1.LINE3
wv_select_context_menu_item {Signal  'i(v2)'} {Delete}
wv_waveview_context_menu WV1.PANEL1:1.LINE2
wv_select_context_menu_item {Signal  'i(v1)'} {Delete}
wv_select_list_item MainWindow.sigview i(v1)
wv_drag_list_item MainWindow.sigview i(v1)
wv_drag_enter WV1
wv_drag_to WV1 447 819
wv_drop_on WV1
wv_select_list_item MainWindow.sigview i(v2)
wv_drag_list_item MainWindow.sigview i(v2)
wv_select_list_item MainWindow.sigview i(v2)
wv_drag_list_item MainWindow.sigview i(v2)
wv_drag_enter WV1
wv_drag_to WV1 363 591
wv_drop_on WV1
wv_sigview_context_menu i(v2)
wv_waveview_context_menu WV1.PANEL2:1.LINE2
wv_select_context_menu_item {Signal  'i(v2)'} {Delete}
wv_select_toolbar_item {Update Waveforms}
wv_move_dialog ReloadFiles 565 478
wv_select_dialog ReloadFiles
wv_press_button ReloadFiles.YesAll
wv_expand_tree_item MainWindow.hierview {D0:inverter_opt.sw0/toplevel}
wv_select_tree_item MainWindow.hierview {D0:inverter_opt.sw0/toplevel}
wv_select_tree_item MainWindow.hierview {D0:inverter_opt.sw0/toplevel/x1}
wv_select_list_item MainWindow.sigview x1.i(m1)
wv_drag_list_item MainWindow.sigview x1.i(m1)
wv_drag_enter WV1
wv_drag_to WV1 387 393
wv_drop_on WV1
wv_select_list_item MainWindow.sigview x1.i(m2)
wv_drag_list_item MainWindow.sigview x1.i(m2)
wv_drag_enter WV1
wv_drag_to WV1 377 475
wv_drop_on WV1
wv_select_list_item MainWindow.sigview x1.i(m1)
wv_drag_list_item MainWindow.sigview x1.i(m1)
wv_drag_enter WV1
wv_drag_to WV1 526 676
wv_drop_on WV1
wv_select_list_item MainWindow.sigview x1.i(m2)
wv_drag_list_item MainWindow.sigview x1.i(m2)
wv_drag_enter WV1
wv_drag_to WV1 493 729
wv_drop_on WV1
wv_select_wv_item WV1.PANEL3:1.LEGEND
wv_drag_item_to WV1 35 638
wv_select_panel WV1.PANEL3:1.LEGEND
wv_waveview_context_menu WV1.PANEL3:1.LINE3
wv_select_context_menu_item {Clear Highlight}
wv_waveview_context_menu WV1.PANEL3:1.LINE2
wv_select_context_menu_item {Delete Panel}
wv_move_dialog Confirmation 749 486
wv_select_dialog Confirmation
wv_press_button Confirmation.Ok
wv_waveview_context_menu WV1.PANEL2:1.LINE2
wv_select_context_menu_item {Delete Panel}
wv_move_dialog Confirmation 749 486
wv_select_dialog Confirmation
wv_press_button Confirmation.Ok
wv_select_list_item MainWindow.sigview x1.i(m1)
wv_drag_list_item MainWindow.sigview x1.i(m1)
wv_drag_list_item MainWindow.sigview x1.i(m1)
wv_drag_enter WV1
wv_drag_to WV1 784 861
wv_drop_on WV1
wv_select_list_item MainWindow.sigview x1.i(m2)
wv_drag_list_item MainWindow.sigview x1.i(m2)
wv_drag_enter WV1
wv_drag_to WV1 420 660
wv_drop_on WV1
wv_select_toolbar_item {Update Waveforms}
wv_move_dialog ReloadFiles 565 478
wv_select_dialog ReloadFiles
wv_press_button ReloadFiles.YesAll
wv_select_tree_item MainWindow.hierview {D0:inverter_opt.sw0/toplevel/x1}
wv_select_tree_item MainWindow.hierview {D0:inverter_opt.sw0/toplevel}
wv_select_list_item MainWindow.sigview par(-i(x1.m2))
wv_drag_list_item MainWindow.sigview par(-i(x1.m2))
wv_select_toolbar_item {Update Waveforms}
wv_move_dialog ReloadFiles 565 478
wv_select_dialog ReloadFiles
wv_press_button ReloadFiles.YesAll
wv_expand_tree_item MainWindow.hierview {D0:inverter_opt.sw0/toplevel}
wv_select_tree_item MainWindow.hierview {D0:inverter_opt.sw0/toplevel}
wv_select_tree_item MainWindow.hierview {D0:inverter_opt.sw0/toplevel/x1}
wv_select_tree_item MainWindow.hierview {D0:inverter_opt.sw0/toplevel}
wv_select_list_item MainWindow.sigview par(i(x1.m1)-i(x1.m2))
wv_drag_list_item MainWindow.sigview par(i(x1.m1)-i(x1.m2))
wv_drag_enter WV1
wv_drag_to WV1 186 634
wv_drop_on WV1
wv_select_toolbar_item {Update Waveforms}
wv_select_toolbar_item {Update Waveforms}
wv_move_dialog ReloadFiles 565 478
wv_select_dialog ReloadFiles
wv_press_button ReloadFiles.YesAll
wv_expand_tree_item MainWindow.hierview {D0:inverter_opt.sw0/toplevel}
wv_select_tree_item MainWindow.hierview {D0:inverter_opt.sw0/toplevel}
wv_select_tree_item MainWindow.hierview {D0:inverter_opt.sw0/toplevel/x1}
wv_select_tree_item MainWindow.hierview {D0:inverter_opt.sw0/toplevel}
wv_select_list_item MainWindow.sigview par(i(x1.m1)+i(x1.m2))
wv_drag_list_item MainWindow.sigview par(i(x1.m1)+i(x1.m2))
wv_drag_enter WV1
wv_drag_to WV1 700 603
wv_drag_to WV1 625 887
wv_drop_on WV1
wv_select_tree_item MainWindow.hierview {D0:inverter_opt.sw0/toplevel/x1}
wv_select_list_item MainWindow.sigview x1.i(m1)
wv_drag_list_item MainWindow.sigview x1.i(m1)
wv_drag_enter WV1
wv_drag_to WV1 709 780
wv_drag_to WV1 684 795
wv_drop_on WV1
wv_select_list_item MainWindow.sigview x1.i(m2)
wv_drag_list_item MainWindow.sigview x1.i(m2)
wv_drag_list_item MainWindow.sigview x1.i(m2)
wv_drag_enter WV1
wv_drag_to WV1 687 802
wv_drop_on WV1
wv_select_tree_item MainWindow.hierview {D0:inverter_opt.sw0/toplevel}
wv_select_list_item MainWindow.sigview par(i(x1.m1)+i(x1.m2))
wv_drag_list_item MainWindow.sigview par(i(x1.m1)+i(x1.m2))
wv_drag_enter WV1
wv_drag_to WV1 342 678
wv_drop_on WV1
wv_waveview_context_menu WV1.PANEL2:1 0.281989 2.94895e-08
wv_select_context_menu_item {Delete Panel}
wv_move_dialog Confirmation 749 486
wv_select_dialog Confirmation
wv_press_button Confirmation.Ok
wv_close_window CustomWaveView
wv_move_dialog Confirmation 749 486
wv_select_dialog Confirmation
# wv_press_button Confirmation.Ok
