### Custom WaveView ADV log file, revision L-2016.06-SP1 (build Aug 22, ) ###
### created at 17:47:04 on Thu Dec 13 2018 (Linux AMD64) ###
### Host Name: osl22.njit.edu   User ID: jpw33   PID: 9384   ###
wv_start_log
# (0) running in waveview only mode
# (0) SW_SX_PERL_LIB defined
# (0) SW_SX_TCL_LIB defined
# (0) HOME defined
wv_move_window CustomWaveView 0 0
wv_resize_window CustomWaveView 800 400
wv_move_window CustomWaveView 0 336
wv_move_window CustomWaveView -3 1
wv_resize_window CustomWaveView 1366 704
wv_move_window CustomWaveView -3 35
wv_select_toolbar_item {Import Waveform File}
wv_move_dialog FileDialog 480 113
wv_select_dialog FileDialog
wv_set_text FileDialog.FileName {}
wv_select_list_item FileDialog.FileList MUX2-1_opt.tr0
wv_dclick_list_item FileDialog.FileList MUX2-1_opt.tr0
wv_select_tree_item MainWindow.hierview {D0:MUX2-1_opt.tr0}
wv_select_tree_item MainWindow.hierview {D0:MUX2-1_opt.tr0}
wv_dclick_tree_item MainWindow.hierview {D0:MUX2-1_opt.tr0}
wv_select_tree_item MainWindow.hierview {D0:MUX2-1_opt.tr0}
wv_select_tree_item MainWindow.hierview {D0:MUX2-1_opt.tr0/toplevel}
wv_select_list_item MainWindow.sigview v(a)
wv_dclick_list_item MainWindow.sigview v(a)
wv_select_list_item MainWindow.sigview v(b)
wv_dclick_list_item MainWindow.sigview v(b)
wv_select_list_item MainWindow.sigview v(s)
wv_dclick_list_item MainWindow.sigview v(s)
wv_select_list_item MainWindow.sigview v(out)
wv_dclick_list_item MainWindow.sigview v(out)
wv_select_menu_item {File} {Print ...}
wv_move_dialog PrintSetup 417 130
wv_select_dialog PrintSetup
wv_set_text PrintSetup.PageTitle {Multiplexer HSPICE Simulation}
wv_set_check PrintSetup.PrintToFile 1
wv_press_button PrintSetup.PathBrowser
wv_move_dialog FileDialog 475 214
wv_move_dialog FileDialog 480 113
wv_select_dialog FileDialog
wv_set_text FileDialog.FileName {}
wv_select_list_item FileDialog.FileList ..
wv_dclick_list_item FileDialog.FileList ..
wv_select_list_item FileDialog.FileList ..
wv_dclick_list_item FileDialog.FileList ..
wv_select_list_item FileDialog.FileList MUX2_1
wv_dclick_list_item FileDialog.FileList MUX2_1
wv_set_text FileDialog.FileName {mux_hspice_sim.ps}
wv_press_button FileDialog.Ok
wv_select_dialog PrintSetup
wv_press_button PrintSetup.Print
wv_close_window CustomWaveView
wv_move_dialog Confirmation 592 369
wv_select_dialog Confirmation
# wv_press_button Confirmation.Ok
